
2020-08-31:11-52-41 | Download BEGIN : [https://www.youtube.com/watch?v=7-qGKqveZaM]
2020-08-31:11-52-41 | Download BEGIN : [https://www.youtube.com/watch?v=tPEE9ZwTmy0]
2020-08-31:11-52-46 | #Reference<0.3077388257.597950467.24287>
[youtube] tPEE9ZwTmy0: Downloading webpage
[youtube] tPEE9ZwTmy0: Downloading video info webpage
[download] Destination: downloaded/Shortest Video on Youtube-tPEE9ZwTmy0.mp4
[download] Download completed

2020-08-31:11-52-46 | Download END : [https://www.youtube.com/watch?v=tPEE9ZwTmy0]
2020-08-31:11-52-46 | #Reference<0.3077388257.597950467.24286>
[youtube] 7-qGKqveZaM: Downloading webpage
[youtube] 7-qGKqveZaM: Downloading video info webpage
[download] Destination: downloaded/Shortest Video on Youtube EVER! 0 seconds nearly 1 (fastest)-7-qGKqveZaM.mp4
[download] Download completed

2020-08-31:11-52-46 | Download END : [https://www.youtube.com/watch?v=7-qGKqveZaM]
xxxxxxxxxxxxxxxxxxxxxxxxxxxxxxxxxxxxxxxxxxxxxxxxx

2020-08-31:15-20-48 | Download BEGIN : [https://www.youtube.com/watch?v=7-qGKqveZaM]
2020-08-31:15-20-48 | Download BEGIN : [https://www.youtube.com/watch?v=tPEE9ZwTmy0]
2020-08-31:15-20-53 | #Reference<0.1709162195.3851157512.10274>
[youtube] tPEE9ZwTmy0: Downloading webpage
[youtube] tPEE9ZwTmy0: Downloading video info webpage
[download] Destination: downloaded/Shortest Video on Youtube-tPEE9ZwTmy0.mp4
[download] Download completed

2020-08-31:15-20-53 | Download END : [https://www.youtube.com/watch?v=tPEE9ZwTmy0]
2020-08-31:15-20-53 | #Reference<0.1709162195.3851157512.10273>
[youtube] 7-qGKqveZaM: Downloading webpage
[youtube] 7-qGKqveZaM: Downloading video info webpage
[download] Destination: downloaded/Shortest Video on Youtube EVER! 0 seconds nearly 1 (fastest)-7-qGKqveZaM.mp4
[download] Download completed


2020-08-31:15-20-53 | Download END : [https://www.youtube.com/watch?v=7-qGKqveZaM]
=============================

2020-08-31:15-44-56 | Download BEGIN : [https://www.youtube.com/watch?v=7-qGKqveZaM]
2020-08-31:15-44-56 | Download BEGIN : [https://www.youtube.com/watch?v=tPEE9ZwTmy0]
2020-08-31:15-45-00 | #Reference<0.2300489415.364904456.160772>
[youtube] 7-qGKqveZaM: Downloading webpage
[youtube] 7-qGKqveZaM: Downloading video info webpage
[download] Destination: downloaded/Shortest Video on Youtube EVER! 0 seconds nearly 1 (fastest)-7-qGKqveZaM.mp4
[download] Download completed

2020-08-31:15-45-00 | Download END : [https://www.youtube.com/watch?v=7-qGKqveZaM]
2020-08-31:15-45-01 | #Reference<0.2300489415.364904456.160773>
[youtube] tPEE9ZwTmy0: Downloading webpage
[youtube] tPEE9ZwTmy0: Downloading video info webpage
[download] Destination: downloaded/Shortest Video on Youtube-tPEE9ZwTmy0.mp4
[download] Download completed

2020-08-31:15-45-01 | Download END : [https://www.youtube.com/watch?v=tPEE9ZwTmy0]
2020-08-31:15-53-33 | Download BEGIN : [https://www.youtube.com/watch?v=7-qGKqveZaM]
2020-08-31:15-53-33 | Download BEGIN : [https://www.youtube.com/watch?v=tPEE9ZwTmy0]
2020-08-31:15-53-39 | #Reference<0.31604799.1708392452.138888>
[youtube] 7-qGKqveZaM: Downloading webpage
[youtube] 7-qGKqveZaM: Downloading video info webpage
[download] downloaded/Shortest Video on Youtube EVER! 0 seconds nearly 1 (fastest)-7-qGKqveZaM.mp4 has already been downloaded
[download] Download completed

2020-08-31:15-53-39 | Download END : [https://www.youtube.com/watch?v=7-qGKqveZaM]
2020-08-31:15-53-39 | #Reference<0.31604799.1708392452.138889>
[youtube] tPEE9ZwTmy0: Downloading webpage
[youtube] tPEE9ZwTmy0: Downloading video info webpage
[download] downloaded/Shortest Video on Youtube-tPEE9ZwTmy0.mp4 has already been downloaded
[download] Download completed

2020-08-31:15-53-39 | Download END : [https://www.youtube.com/watch?v=tPEE9ZwTmy0]
2020-08-31:15-54-26 | Download BEGIN : [https://www.youtube.com/watch?v=7-qGKqveZaM]
2020-08-31:15-54-26 | Download BEGIN : [https://www.youtube.com/watch?v=tPEE9ZwTmy0]
2020-08-31:15-54-32 | #Reference<0.3687011910.3050831880.181690>
[youtube] tPEE9ZwTmy0: Downloading webpage
[youtube] tPEE9ZwTmy0: Downloading video info webpage
[download] downloaded/Shortest Video on Youtube-tPEE9ZwTmy0.mp4 has already been downloaded
[download] Download completed

2020-08-31:15-54-32 | Download END : [https://www.youtube.com/watch?v=tPEE9ZwTmy0]
2020-08-31:15-54-32 | #Reference<0.3687011910.3050831880.181689>
[youtube] 7-qGKqveZaM: Downloading webpage
[youtube] 7-qGKqveZaM: Downloading video info webpage
[download] downloaded/Shortest Video on Youtube EVER! 0 seconds nearly 1 (fastest)-7-qGKqveZaM.mp4 has already been downloaded
[download] Download completed

2020-08-31:15-54-32 | Download END : [https://www.youtube.com/watch?v=7-qGKqveZaM]