
2020-08-29:06-22-50 | hellow
2020-08-29:06-29-38 | download start
2020-08-29:06-29-51 | download start
2020-08-29:06-38-19 | Download BEGIN : [https://www.youtube.com/watch?v=7-qGKqveZaM]
2020-08-29:06-40-37 | Download BEGIN : [https://www.youtube.com/watch?v=7-qGKqveZaM]
2020-08-29:06-44-32 | Download BEGIN : [https://www.youtube.com/watch?v=7-qGKqveZaM]
2020-08-29:06-45-58 | Download BEGIN : [https://www.youtube.com/watch?v=7-qGKqveZaM]
2020-08-29:15-12-48 | download start
2020-08-29:15-12-48 | Download BEGIN : [https://www.youtube.com/watch?v=7-qGKqveZaM]
2020-08-29:15-12-53 | Download BEGIN : [https://www.youtube.com/watch?v=7-qGKqveZaM]
2020-08-29:15-12-57 | Download BEGIN : [https://www.youtube.com/watch?v=7-qGKqveZaM]
2020-08-29:15-12-57 | Download BEGIN : [https://www.youtube.com/watch?v=tPEE9ZwTmy0]
2020-08-29:15-12-57 | Download BEGIN : [https://www.youtube.com/watch?v=XZsFbB3lV1A]
2020-08-29:15-12-57 | Download BEGIN : [https://www.youtube.com/watch?v=hF83JAmBdjY]
2020-08-29:15-13-01 | #Reference<0.2432276777.2061500423.89288>
[youtube] 7-qGKqveZaM: Downloading webpage
[youtube] 7-qGKqveZaM: Downloading video info webpage
[download] downloaded/Shortest Video on Youtube EVER! 0 seconds nearly 1 (fastest)-7-qGKqveZaM.mp4 has already been downloaded
[download] Download completed

2020-08-29:15-13-01 | Download END : [https://www.youtube.com/watch?v=7-qGKqveZaM]
2020-08-29:15-13-02 | #Reference<0.2432276777.2061500423.89289>
[youtube] tPEE9ZwTmy0: Downloading webpage
[youtube] tPEE9ZwTmy0: Downloading video info webpage
[download] Destination: downloaded/Shortest Video on Youtube-tPEE9ZwTmy0.mp4
[download] Download completed

2020-08-29:15-13-02 | Download END : [https://www.youtube.com/watch?v=tPEE9ZwTmy0]
2020-08-29:15-13-02 | #Reference<0.2432276777.2061500423.89290>
[youtube] XZsFbB3lV1A: Downloading webpage
[youtube] XZsFbB3lV1A: Downloading video info webpage
[youtube] XZsFbB3lV1A: Downloading MPD manifest
[download] Destination: downloaded/Startled Hamster-XZsFbB3lV1A.mp4
[download] Download completed

2020-08-29:15-13-02 | Download END : [https://www.youtube.com/watch?v=XZsFbB3lV1A]
2020-08-29:15-13-02 | #Reference<0.2432276777.2061500423.89291>
[youtube] hF83JAmBdjY: Downloading webpage
[youtube] hF83JAmBdjY: Downloading video info webpage
[download] Destination: downloaded/Kendall Miles - Isla Bella-hF83JAmBdjY.mp4
[download] Download completed

2020-08-29:15-13-02 | Download END : [https://www.youtube.com/watch?v=hF83JAmBdjY]
2020-08-29:15-13-39 | Download BEGIN : [https://www.youtube.com/watch?v=7-qGKqveZaM]
2020-08-29:15-13-43 | download start
2020-08-29:15-13-43 | Download BEGIN : [https://www.youtube.com/watch?v=7-qGKqveZaM]
2020-08-29:15-13-43 | Download BEGIN : [https://www.youtube.com/watch?v=XZsFbB3lV1A]
2020-08-29:15-13-43 | Download BEGIN : [https://www.youtube.com/watch?v=tPEE9ZwTmy0]
2020-08-29:15-13-43 | Download BEGIN : [https://www.youtube.com/watch?v=hF83JAmBdjY]
2020-08-29:15-13-48 | #Reference<0.1197383461.2866544644.109737>
[youtube] 7-qGKqveZaM: Downloading webpage
[youtube] 7-qGKqveZaM: Downloading video info webpage
[download] downloaded/Shortest Video on Youtube EVER! 0 seconds nearly 1 (fastest)-7-qGKqveZaM.mp4 has already been downloaded
[download] Download completed

2020-08-29:15-13-48 | Download END : [https://www.youtube.com/watch?v=7-qGKqveZaM]
2020-08-29:15-13-48 | #Reference<0.1197383461.2866544644.109738>
[youtube] tPEE9ZwTmy0: Downloading webpage
[youtube] tPEE9ZwTmy0: Downloading video info webpage
[download] downloaded/Shortest Video on Youtube-tPEE9ZwTmy0.mp4 has already been downloaded
[download] Download completed

2020-08-29:15-13-48 | Download END : [https://www.youtube.com/watch?v=tPEE9ZwTmy0]
2020-08-29:15-13-48 | #Reference<0.1197383461.2866544644.109740>
[youtube] hF83JAmBdjY: Downloading webpage
[youtube] hF83JAmBdjY: Downloading video info webpage
[download] downloaded/Kendall Miles - Isla Bella-hF83JAmBdjY.mp4 has already been downloaded
[download] Download completed

2020-08-29:15-13-48 | Download END : [https://www.youtube.com/watch?v=hF83JAmBdjY]
2020-08-29:15-13-48 | #Reference<0.1197383461.2866544644.109739>
[youtube] XZsFbB3lV1A: Downloading webpage
[youtube] XZsFbB3lV1A: Downloading video info webpage
[youtube] XZsFbB3lV1A: Downloading MPD manifest
[download] downloaded/Startled Hamster-XZsFbB3lV1A.mp4 has already been downloaded
[download] Download completed

2020-08-29:15-13-48 | Download END : [https://www.youtube.com/watch?v=XZsFbB3lV1A]
2020-08-29:15-13-48 | Download BEGIN : [https://www.youtube.com/watch?v=7-qGKqveZaM]
2020-08-29:15-17-29 | Download BEGIN : [https://www.youtube.com/watch?v=XZsFbB3lV1A]
2020-08-29:15-17-29 | Download BEGIN : [https://www.youtube.com/watch?v=7-qGKqveZaM]
2020-08-29:15-17-29 | Download BEGIN : [https://www.youtube.com/watch?v=tPEE9ZwTmy0]
2020-08-29:15-17-29 | Download BEGIN : [https://www.youtube.com/watch?v=hF83JAmBdjY]
2020-08-29:15-17-34 | #Reference<0.3937060730.182714375.199737>
[youtube] 7-qGKqveZaM: Downloading webpage
[youtube] 7-qGKqveZaM: Downloading video info webpage
[download] Destination: downloaded/Shortest Video on Youtube EVER! 0 seconds nearly 1 (fastest)-7-qGKqveZaM.mp4
[download] Download completed

2020-08-29:15-17-34 | Download END : [https://www.youtube.com/watch?v=7-qGKqveZaM]
2020-08-29:15-17-34 | #Reference<0.3937060730.182714375.199738>
[youtube] tPEE9ZwTmy0: Downloading webpage
[youtube] tPEE9ZwTmy0: Downloading video info webpage
[download] Destination: downloaded/Shortest Video on Youtube-tPEE9ZwTmy0.mp4
[download] Download completed

2020-08-29:15-17-34 | Download END : [https://www.youtube.com/watch?v=tPEE9ZwTmy0]
2020-08-29:15-17-34 | #Reference<0.3937060730.182714375.199739>
[youtube] XZsFbB3lV1A: Downloading webpage
[youtube] XZsFbB3lV1A: Downloading video info webpage
[youtube] XZsFbB3lV1A: Downloading MPD manifest
[download] Destination: downloaded/Startled Hamster-XZsFbB3lV1A.mp4
[download] Download completed

2020-08-29:15-17-34 | Download END : [https://www.youtube.com/watch?v=XZsFbB3lV1A]
2020-08-29:15-17-35 | #Reference<0.3937060730.182714375.199740>
[youtube] hF83JAmBdjY: Downloading webpage
[youtube] hF83JAmBdjY: Downloading video info webpage
[download] Destination: downloaded/Kendall Miles - Isla Bella-hF83JAmBdjY.mp4
[download] Download completed

2020-08-29:15-17-35 | Download END : [https://www.youtube.com/watch?v=hF83JAmBdjY]
2020-08-29:15-17-35 | download start
2020-08-29:15-17-35 | Download BEGIN : [https://www.youtube.com/watch?v=7-qGKqveZaM]
2020-08-29:16-38-51 | Download BEGIN : [https://www.youtube.com/watch?v=7-qGKqveZaM]
2020-08-29:16-38-51 | Download BEGIN : [https://www.youtube.com/watch?v=tPEE9ZwTmy0]
2020-08-29:16-38-55 | #Reference<0.3165152620.2611216385.114620>
[youtube] tPEE9ZwTmy0: Downloading webpage
[youtube] tPEE9ZwTmy0: Downloading video info webpage
[download] Destination: downloaded/Shortest Video on Youtube-tPEE9ZwTmy0.mp4
[download] Download completed

2020-08-29:16-38-55 | Download END : [https://www.youtube.com/watch?v=tPEE9ZwTmy0]
2020-08-29:16-38-55 | #Reference<0.3165152620.2611216385.114619>
[youtube] 7-qGKqveZaM: Downloading webpage
[youtube] 7-qGKqveZaM: Downloading video info webpage
[download] Destination: downloaded/Shortest Video on Youtube EVER! 0 seconds nearly 1 (fastest)-7-qGKqveZaM.mp4
[download] Download completed

2020-08-29:16-38-55 | Download END : [https://www.youtube.com/watch?v=7-qGKqveZaM]